<?xml version="1.0" encoding="UTF-8"?>
<coverage generated="1663852402290" clover="3.2.0">
  <project timestamp="1663852402290" name="All files">
    <metrics statements="2" coveredstatements="0" conditionals="0" coveredconditionals="0" methods="1" coveredmethods="0" elements="3" coveredelements="0" complexity="0" loc="2" ncloc="2" packages="2" files="2" classes="2"/>
    <package name="reducers">
      <metrics statements="1" coveredstatements="0" conditionals="0" coveredconditionals="0" methods="0" coveredmethods="0"/>
      <file name="RootReducer.js" path="/Users/jeroencrevits/Documents/GIT/mobile-ci_cd/src/state/reducers/RootReducer.js">
        <metrics statements="1" coveredstatements="0" conditionals="0" coveredconditionals="0" methods="0" coveredmethods="0"/>
        <line num="3" count="0" type="stmt"/>
      </file>
    </package>
    <package name="store">
      <metrics statements="1" coveredstatements="0" conditionals="0" coveredconditionals="0" methods="1" coveredmethods="0"/>
      <file name="Migrations.js" path="/Users/jeroencrevits/Documents/GIT/mobile-ci_cd/src/state/store/Migrations.js">
        <metrics statements="1" coveredstatements="0" conditionals="0" coveredconditionals="0" methods="1" coveredmethods="0"/>
        <line num="1" count="0" type="stmt"/>
      </file>
    </package>
  </project>
</coverage>
