<?xml version="1.0" ?>
<!DOCTYPE coverage SYSTEM "http://cobertura.sourceforge.net/xml/coverage-04.dtd">
<coverage lines-valid="2" lines-covered="0" line-rate="0" branches-valid="0" branches-covered="0" branch-rate="1" timestamp="1663852402320" complexity="0" version="0.1">
  <sources>
    <source>/Users/jeroencrevits/Documents/GIT/mobile-ci_cd</source>
  </sources>
  <packages>
    <package name="reducers" line-rate="0" branch-rate="1">
      <classes>
        <class name="RootReducer.js" filename="src/state/reducers/RootReducer.js" line-rate="0" branch-rate="1">
          <methods>
          </methods>
          <lines>
            <line number="3" hits="0" branch="false"/>
          </lines>
        </class>
      </classes>
    </package>
    <package name="store" line-rate="0" branch-rate="1">
      <classes>
        <class name="Migrations.js" filename="src/state/store/Migrations.js" line-rate="0" branch-rate="1">
          <methods>
            <method name="(anonymous_0)" hits="0" signature="()V">
              <lines>
                <line number="2" hits="0"/>
              </lines>
            </method>
          </methods>
          <lines>
            <line number="1" hits="0" branch="false"/>
          </lines>
        </class>
      </classes>
    </package>
  </packages>
</coverage>
