{"/Users/jeroencrevits/Documents/GIT/mobile-ci_cd/src/state/reducers/RootReducer.js": {"path":"/Users/jeroencrevits/Documents/GIT/mobile-ci_cd/src/state/reducers/RootReducer.js","statementMap":{"0":{"start":{"line":3,"column":20},"end":{"line":3,"column":39}}},"fnMap":{},"branchMap":{},"s":{"0":0},"f":{},"b":{}}
,"/Users/jeroencrevits/Documents/GIT/mobile-ci_cd/src/state/store/Migrations.js": {"path":"/Users/jeroencrevits/Documents/GIT/mobile-ci_cd/src/state/store/Migrations.js","statementMap":{"0":{"start":{"line":1,"column":19},"end":{"line":3,"column":1}}},"fnMap":{"0":{"name":"(anonymous_0)","decl":{"start":{"line":2,"column":5},"end":{"line":2,"column":6}},"loc":{"start":{"line":2,"column":14},"end":{"line":2,"column":16}},"line":2}},"branchMap":{},"s":{"0":0},"f":{"0":0},"b":{}}
}
